2020-12-09 1:22:19 - PHP Warning:  mysqli::__construct(): (HY000/1049): Unknown database 'tt_aero_test' in E:\wamp64\www\e-commerce\upload\system\library\db\mysqli.php on line 7
2020-12-09 1:22:19 - PHP Warning:  DB\MySQLi::__construct(): Couldn't fetch mysqli in E:\wamp64\www\e-commerce\upload\system\library\db\mysqli.php on line 10
2020-12-09 1:22:19 - PHP Warning:  DB\MySQLi::__construct(): Couldn't fetch mysqli in E:\wamp64\www\e-commerce\upload\system\library\db\mysqli.php on line 10
2020-12-09 3:36:04 - PHP Notice:  Undefined index: code in E:\wamp64\www\e-commerce\upload\admin\model\design\layout.php on line 38
2020-12-09 7:47:52 - PHP Warning:  mail(): Failed to connect to mailserver at &quot;localhost&quot; port 25, verify your &quot;SMTP&quot; and &quot;smtp_port&quot; setting in php.ini or use ini_set() in E:\wamp64\www\e-commerce\upload\system\library\mail\mail.php on line 77
2020-12-09 15:50:40 - PHP Warning:  mail(): Failed to connect to mailserver at &quot;localhost&quot; port 25, verify your &quot;SMTP&quot; and &quot;smtp_port&quot; setting in php.ini or use ini_set() in E:\wamp64\www\e-commerce\upload\system\library\mail\mail.php on line 77
2020-12-09 15:50:43 - PHP Warning:  mail(): Failed to connect to mailserver at &quot;localhost&quot; port 25, verify your &quot;SMTP&quot; and &quot;smtp_port&quot; setting in php.ini or use ini_set() in E:\wamp64\www\e-commerce\upload\system\library\mail\mail.php on line 77
2020-12-09 22:36:18 - PHP Notice:  Undefined index: code in E:\wamp64\www\e-commerce\upload\admin\model\design\layout.php on line 38
2020-12-15 16:49:57 - PHP Notice:  Undefined index: is_rotator in /home/k8953244/proto.toracycle.com/system/storage/modification/admin/model/catalog/product.php on line 77
2020-12-15 16:49:57 - PHP Notice:  Undefined index: is_rotator in /home/k8953244/proto.toracycle.com/system/storage/modification/admin/model/catalog/product.php on line 77
2020-12-15 16:49:57 - PHP Notice:  Undefined index: is_rotator in /home/k8953244/proto.toracycle.com/system/storage/modification/admin/model/catalog/product.php on line 77
2020-12-15 16:59:47 - PHP Notice:  Undefined index: code in /home/k8953244/proto.toracycle.com/admin/model/design/layout.php on line 38
2020-12-16 8:17:42 - PHP Notice:  Undefined index: is_rotator in /home/k8953244/proto.toracycle.com/system/storage/modification/admin/model/catalog/product.php on line 77
2020-12-16 8:17:42 - PHP Notice:  Undefined index: is_rotator in /home/k8953244/proto.toracycle.com/system/storage/modification/admin/model/catalog/product.php on line 77
2020-12-16 8:17:42 - PHP Notice:  Undefined index: is_rotator in /home/k8953244/proto.toracycle.com/system/storage/modification/admin/model/catalog/product.php on line 77
2020-12-16 8:17:42 - PHP Notice:  Undefined index: is_rotator in /home/k8953244/proto.toracycle.com/system/storage/modification/admin/model/catalog/product.php on line 77
2020-12-16 8:17:42 - PHP Notice:  Undefined index: is_rotator in /home/k8953244/proto.toracycle.com/system/storage/modification/admin/model/catalog/product.php on line 77
2020-12-16 8:17:42 - PHP Notice:  Undefined index: is_rotator in /home/k8953244/proto.toracycle.com/system/storage/modification/admin/model/catalog/product.php on line 77
2020-12-16 8:17:42 - PHP Notice:  Undefined index: is_rotator in /home/k8953244/proto.toracycle.com/system/storage/modification/admin/model/catalog/product.php on line 77
2020-12-16 8:17:42 - PHP Notice:  Undefined index: is_rotator in /home/k8953244/proto.toracycle.com/system/storage/modification/admin/model/catalog/product.php on line 77
2020-12-16 8:25:10 - PHP Notice:  Undefined index: is_rotator in /home/k8953244/proto.toracycle.com/system/storage/modification/admin/model/catalog/product.php on line 227
2020-12-16 8:25:10 - PHP Notice:  Undefined index: is_rotator in /home/k8953244/proto.toracycle.com/system/storage/modification/admin/model/catalog/product.php on line 227
2020-12-16 8:25:10 - PHP Notice:  Undefined index: is_rotator in /home/k8953244/proto.toracycle.com/system/storage/modification/admin/model/catalog/product.php on line 227
2020-12-16 8:25:10 - PHP Notice:  Undefined index: is_rotator in /home/k8953244/proto.toracycle.com/system/storage/modification/admin/model/catalog/product.php on line 227
2020-12-16 8:25:10 - PHP Notice:  Undefined index: is_rotator in /home/k8953244/proto.toracycle.com/system/storage/modification/admin/model/catalog/product.php on line 227
2020-12-16 8:25:10 - PHP Notice:  Undefined index: is_rotator in /home/k8953244/proto.toracycle.com/system/storage/modification/admin/model/catalog/product.php on line 227
2020-12-16 8:25:10 - PHP Notice:  Undefined index: is_rotator in /home/k8953244/proto.toracycle.com/system/storage/modification/admin/model/catalog/product.php on line 227
2020-12-16 8:25:10 - PHP Notice:  Undefined index: is_rotator in /home/k8953244/proto.toracycle.com/system/storage/modification/admin/model/catalog/product.php on line 227
2020-12-16 8:35:25 - PHP Notice:  Undefined index: is_rotator in /home/k8953244/proto.toracycle.com/system/storage/modification/admin/model/catalog/product.php on line 227
2020-12-16 8:35:25 - PHP Notice:  Undefined index: is_rotator in /home/k8953244/proto.toracycle.com/system/storage/modification/admin/model/catalog/product.php on line 227
2020-12-16 8:35:25 - PHP Notice:  Undefined index: is_rotator in /home/k8953244/proto.toracycle.com/system/storage/modification/admin/model/catalog/product.php on line 227
2020-12-16 8:35:25 - PHP Notice:  Undefined index: is_rotator in /home/k8953244/proto.toracycle.com/system/storage/modification/admin/model/catalog/product.php on line 227
2020-12-16 8:35:25 - PHP Notice:  Undefined index: is_rotator in /home/k8953244/proto.toracycle.com/system/storage/modification/admin/model/catalog/product.php on line 227
2020-12-16 8:35:25 - PHP Notice:  Undefined index: is_rotator in /home/k8953244/proto.toracycle.com/system/storage/modification/admin/model/catalog/product.php on line 227
2020-12-16 8:35:25 - PHP Notice:  Undefined index: is_rotator in /home/k8953244/proto.toracycle.com/system/storage/modification/admin/model/catalog/product.php on line 227
2020-12-16 8:35:25 - PHP Notice:  Undefined index: is_rotator in /home/k8953244/proto.toracycle.com/system/storage/modification/admin/model/catalog/product.php on line 227
2020-12-16 8:37:57 - PHP Notice:  Undefined index: is_rotator in /home/k8953244/proto.toracycle.com/system/storage/modification/admin/model/catalog/product.php on line 227
2020-12-16 8:37:57 - PHP Notice:  Undefined index: is_rotator in /home/k8953244/proto.toracycle.com/system/storage/modification/admin/model/catalog/product.php on line 227
2020-12-16 8:37:57 - PHP Notice:  Undefined index: is_rotator in /home/k8953244/proto.toracycle.com/system/storage/modification/admin/model/catalog/product.php on line 227
2020-12-16 8:37:57 - PHP Notice:  Undefined index: is_rotator in /home/k8953244/proto.toracycle.com/system/storage/modification/admin/model/catalog/product.php on line 227
2020-12-16 8:37:57 - PHP Notice:  Undefined index: is_rotator in /home/k8953244/proto.toracycle.com/system/storage/modification/admin/model/catalog/product.php on line 227
2020-12-16 8:37:57 - PHP Notice:  Undefined index: is_rotator in /home/k8953244/proto.toracycle.com/system/storage/modification/admin/model/catalog/product.php on line 227
2020-12-16 8:37:57 - PHP Notice:  Undefined index: is_rotator in /home/k8953244/proto.toracycle.com/system/storage/modification/admin/model/catalog/product.php on line 227
2020-12-16 8:37:57 - PHP Notice:  Undefined index: is_rotator in /home/k8953244/proto.toracycle.com/system/storage/modification/admin/model/catalog/product.php on line 227
2020-12-16 8:40:11 - PHP Notice:  Undefined index: is_rotator in /home/k8953244/proto.toracycle.com/system/storage/modification/admin/model/catalog/product.php on line 227
2020-12-16 8:40:11 - PHP Notice:  Undefined index: is_rotator in /home/k8953244/proto.toracycle.com/system/storage/modification/admin/model/catalog/product.php on line 227
2020-12-16 8:40:11 - PHP Notice:  Undefined index: is_rotator in /home/k8953244/proto.toracycle.com/system/storage/modification/admin/model/catalog/product.php on line 227
2020-12-16 8:40:11 - PHP Notice:  Undefined index: is_rotator in /home/k8953244/proto.toracycle.com/system/storage/modification/admin/model/catalog/product.php on line 227
2020-12-16 8:40:11 - PHP Notice:  Undefined index: is_rotator in /home/k8953244/proto.toracycle.com/system/storage/modification/admin/model/catalog/product.php on line 227
2020-12-16 8:40:11 - PHP Notice:  Undefined index: is_rotator in /home/k8953244/proto.toracycle.com/system/storage/modification/admin/model/catalog/product.php on line 227
2020-12-16 8:40:11 - PHP Notice:  Undefined index: is_rotator in /home/k8953244/proto.toracycle.com/system/storage/modification/admin/model/catalog/product.php on line 227
2020-12-16 8:40:11 - PHP Notice:  Undefined index: is_rotator in /home/k8953244/proto.toracycle.com/system/storage/modification/admin/model/catalog/product.php on line 227
2020-12-16 8:46:13 - PHP Notice:  Undefined index: is_rotator in /home/k8953244/proto.toracycle.com/system/storage/modification/admin/controller/catalog/product.php on line 1111
2020-12-16 8:46:13 - PHP Notice:  Undefined index: is_rotator in /home/k8953244/proto.toracycle.com/system/storage/modification/admin/controller/catalog/product.php on line 1111
2020-12-16 8:46:35 - PHP Notice:  Undefined index: is_rotator in /home/k8953244/proto.toracycle.com/system/storage/modification/admin/model/catalog/product.php on line 77
2020-12-16 8:46:35 - PHP Notice:  Undefined index: is_rotator in /home/k8953244/proto.toracycle.com/system/storage/modification/admin/model/catalog/product.php on line 77
2020-12-16 8:58:28 - PHP Notice:  Undefined index: is_rotator in /home/k8953244/proto.toracycle.com/system/storage/modification/admin/model/catalog/product.php on line 227
2020-12-16 8:58:28 - PHP Notice:  Undefined index: is_rotator in /home/k8953244/proto.toracycle.com/system/storage/modification/admin/model/catalog/product.php on line 227
2020-12-16 9:00:00 - PHP Notice:  Undefined index: is_rotator in /home/k8953244/proto.toracycle.com/system/storage/modification/admin/model/catalog/product.php on line 227
2020-12-16 9:00:00 - PHP Notice:  Undefined index: is_rotator in /home/k8953244/proto.toracycle.com/system/storage/modification/admin/model/catalog/product.php on line 227
2020-12-16 9:00:00 - PHP Notice:  Undefined index: is_rotator in /home/k8953244/proto.toracycle.com/system/storage/modification/admin/model/catalog/product.php on line 227
2020-12-16 9:00:00 - PHP Notice:  Undefined index: is_rotator in /home/k8953244/proto.toracycle.com/system/storage/modification/admin/model/catalog/product.php on line 227
2020-12-16 9:00:00 - PHP Notice:  Undefined index: is_rotator in /home/k8953244/proto.toracycle.com/system/storage/modification/admin/model/catalog/product.php on line 227
2020-12-16 9:00:00 - PHP Notice:  Undefined index: is_rotator in /home/k8953244/proto.toracycle.com/system/storage/modification/admin/model/catalog/product.php on line 227
2020-12-16 9:00:00 - PHP Notice:  Undefined index: is_rotator in /home/k8953244/proto.toracycle.com/system/storage/modification/admin/model/catalog/product.php on line 227
2020-12-16 9:00:00 - PHP Notice:  Undefined index: is_rotator in /home/k8953244/proto.toracycle.com/system/storage/modification/admin/model/catalog/product.php on line 227
2020-12-16 9:02:15 - PHP Notice:  Undefined index: is_rotator in /home/k8953244/proto.toracycle.com/system/storage/modification/admin/model/catalog/product.php on line 227
2020-12-16 9:02:15 - PHP Notice:  Undefined index: is_rotator in /home/k8953244/proto.toracycle.com/system/storage/modification/admin/model/catalog/product.php on line 227
2020-12-16 9:02:33 - PHP Notice:  Undefined index: is_rotator in /home/k8953244/proto.toracycle.com/system/storage/modification/admin/model/catalog/product.php on line 227
2020-12-16 9:02:33 - PHP Notice:  Undefined index: is_rotator in /home/k8953244/proto.toracycle.com/system/storage/modification/admin/model/catalog/product.php on line 227
2020-12-16 9:02:33 - PHP Notice:  Undefined index: is_rotator in /home/k8953244/proto.toracycle.com/system/storage/modification/admin/model/catalog/product.php on line 227
2020-12-16 9:02:33 - PHP Notice:  Undefined index: is_rotator in /home/k8953244/proto.toracycle.com/system/storage/modification/admin/model/catalog/product.php on line 227
2020-12-16 9:02:33 - PHP Notice:  Undefined index: is_rotator in /home/k8953244/proto.toracycle.com/system/storage/modification/admin/model/catalog/product.php on line 227
2020-12-16 9:02:33 - PHP Notice:  Undefined index: is_rotator in /home/k8953244/proto.toracycle.com/system/storage/modification/admin/model/catalog/product.php on line 227
2020-12-16 9:02:33 - PHP Notice:  Undefined index: is_rotator in /home/k8953244/proto.toracycle.com/system/storage/modification/admin/model/catalog/product.php on line 227
2020-12-16 9:02:33 - PHP Notice:  Undefined index: is_rotator in /home/k8953244/proto.toracycle.com/system/storage/modification/admin/model/catalog/product.php on line 227
2020-12-16 10:31:56 - PHP Notice:  Undefined index: is_rotator in /home/k8953244/proto.toracycle.com/system/storage/modification/admin/model/catalog/product.php on line 227
2020-12-16 10:31:56 - PHP Notice:  Undefined index: is_rotator in /home/k8953244/proto.toracycle.com/system/storage/modification/admin/model/catalog/product.php on line 227
2020-12-16 10:31:56 - PHP Notice:  Undefined index: is_rotator in /home/k8953244/proto.toracycle.com/system/storage/modification/admin/model/catalog/product.php on line 227
2020-12-16 10:31:56 - PHP Notice:  Undefined index: is_rotator in /home/k8953244/proto.toracycle.com/system/storage/modification/admin/model/catalog/product.php on line 227
2020-12-16 10:31:56 - PHP Notice:  Undefined index: is_rotator in /home/k8953244/proto.toracycle.com/system/storage/modification/admin/model/catalog/product.php on line 227
2020-12-16 10:31:56 - PHP Notice:  Undefined index: is_rotator in /home/k8953244/proto.toracycle.com/system/storage/modification/admin/model/catalog/product.php on line 227
2020-12-16 10:31:56 - PHP Notice:  Undefined index: is_rotator in /home/k8953244/proto.toracycle.com/system/storage/modification/admin/model/catalog/product.php on line 227
2020-12-16 10:31:56 - PHP Notice:  Undefined index: is_rotator in /home/k8953244/proto.toracycle.com/system/storage/modification/admin/model/catalog/product.php on line 227
2020-12-16 10:53:32 - PHP Notice:  Undefined index: is_rotator in /home/k8953244/proto.toracycle.com/system/storage/modification/admin/model/catalog/product.php on line 227
2020-12-16 10:53:32 - PHP Notice:  Undefined index: is_rotator in /home/k8953244/proto.toracycle.com/system/storage/modification/admin/model/catalog/product.php on line 227
2020-12-16 10:53:32 - PHP Notice:  Undefined index: is_rotator in /home/k8953244/proto.toracycle.com/system/storage/modification/admin/model/catalog/product.php on line 227
2020-12-16 10:53:32 - PHP Notice:  Undefined index: is_rotator in /home/k8953244/proto.toracycle.com/system/storage/modification/admin/model/catalog/product.php on line 227
2020-12-16 10:53:32 - PHP Notice:  Undefined index: is_rotator in /home/k8953244/proto.toracycle.com/system/storage/modification/admin/model/catalog/product.php on line 227
2020-12-16 10:53:32 - PHP Notice:  Undefined index: is_rotator in /home/k8953244/proto.toracycle.com/system/storage/modification/admin/model/catalog/product.php on line 227
2020-12-16 10:53:32 - PHP Notice:  Undefined index: is_rotator in /home/k8953244/proto.toracycle.com/system/storage/modification/admin/model/catalog/product.php on line 227
2020-12-16 10:53:32 - PHP Notice:  Undefined index: is_rotator in /home/k8953244/proto.toracycle.com/system/storage/modification/admin/model/catalog/product.php on line 227
2020-12-16 10:56:50 - PHP Notice:  Undefined index: is_rotator in /home/k8953244/proto.toracycle.com/system/storage/modification/admin/model/catalog/product.php on line 227
2020-12-16 10:56:50 - PHP Notice:  Undefined index: is_rotator in /home/k8953244/proto.toracycle.com/system/storage/modification/admin/model/catalog/product.php on line 227
2020-12-16 10:58:09 - PHP Notice:  Undefined index: is_rotator in /home/k8953244/proto.toracycle.com/system/storage/modification/admin/model/catalog/product.php on line 227
2020-12-16 10:58:09 - PHP Notice:  Undefined index: is_rotator in /home/k8953244/proto.toracycle.com/system/storage/modification/admin/model/catalog/product.php on line 227
2020-12-16 22:34:38 - PHP Notice:  Undefined index: is_rotator in /home/k8953244/proto.toracycle.com/system/storage/modification/admin/model/catalog/product.php on line 77
2020-12-16 22:34:38 - PHP Notice:  Undefined index: is_rotator in /home/k8953244/proto.toracycle.com/system/storage/modification/admin/model/catalog/product.php on line 77
2020-12-16 22:38:46 - PHP Notice:  Undefined index: is_rotator in /home/k8953244/proto.toracycle.com/system/storage/modification/admin/model/catalog/product.php on line 227
2020-12-16 22:38:46 - PHP Notice:  Undefined index: is_rotator in /home/k8953244/proto.toracycle.com/system/storage/modification/admin/model/catalog/product.php on line 227
2020-12-16 22:39:59 - PHP Notice:  Undefined index: is_rotator in /home/k8953244/proto.toracycle.com/system/storage/modification/admin/model/catalog/product.php on line 227
2020-12-16 22:39:59 - PHP Notice:  Undefined index: is_rotator in /home/k8953244/proto.toracycle.com/system/storage/modification/admin/model/catalog/product.php on line 227
2020-12-16 22:40:29 - PHP Notice:  Undefined index: is_rotator in /home/k8953244/proto.toracycle.com/system/storage/modification/admin/model/catalog/product.php on line 227
2020-12-16 22:40:29 - PHP Notice:  Undefined index: is_rotator in /home/k8953244/proto.toracycle.com/system/storage/modification/admin/model/catalog/product.php on line 227
2020-12-16 22:48:34 - PHP Notice:  Undefined index: is_rotator in /home/k8953244/proto.toracycle.com/system/storage/modification/admin/controller/catalog/product.php on line 1111
2020-12-16 22:48:34 - PHP Notice:  Undefined index: is_rotator in /home/k8953244/proto.toracycle.com/system/storage/modification/admin/controller/catalog/product.php on line 1111
2020-12-16 22:49:42 - PHP Notice:  Undefined index: is_rotator in /home/k8953244/proto.toracycle.com/system/storage/modification/admin/model/catalog/product.php on line 77
2020-12-16 22:49:42 - PHP Notice:  Undefined index: is_rotator in /home/k8953244/proto.toracycle.com/system/storage/modification/admin/model/catalog/product.php on line 77
2020-12-16 22:53:05 - PHP Notice:  Undefined index: is_rotator in /home/k8953244/proto.toracycle.com/system/storage/modification/admin/model/catalog/product.php on line 227
2020-12-16 22:53:05 - PHP Notice:  Undefined index: is_rotator in /home/k8953244/proto.toracycle.com/system/storage/modification/admin/model/catalog/product.php on line 227
2020-12-16 22:53:05 - PHP Notice:  Undefined index: is_rotator in /home/k8953244/proto.toracycle.com/system/storage/modification/admin/model/catalog/product.php on line 227
2020-12-16 22:53:05 - PHP Notice:  Undefined index: is_rotator in /home/k8953244/proto.toracycle.com/system/storage/modification/admin/model/catalog/product.php on line 227
2020-12-16 22:53:05 - PHP Notice:  Undefined index: is_rotator in /home/k8953244/proto.toracycle.com/system/storage/modification/admin/model/catalog/product.php on line 227
2020-12-16 22:53:05 - PHP Notice:  Undefined index: is_rotator in /home/k8953244/proto.toracycle.com/system/storage/modification/admin/model/catalog/product.php on line 227
2020-12-16 22:53:05 - PHP Notice:  Undefined index: is_rotator in /home/k8953244/proto.toracycle.com/system/storage/modification/admin/model/catalog/product.php on line 227
2020-12-16 22:53:05 - PHP Notice:  Undefined index: is_rotator in /home/k8953244/proto.toracycle.com/system/storage/modification/admin/model/catalog/product.php on line 227
2020-12-16 22:58:08 - PHP Notice:  Undefined index: is_rotator in /home/k8953244/proto.toracycle.com/system/storage/modification/admin/model/catalog/product.php on line 77
2020-12-16 22:58:08 - PHP Notice:  Undefined index: is_rotator in /home/k8953244/proto.toracycle.com/system/storage/modification/admin/model/catalog/product.php on line 77
2020-12-16 23:03:54 - PHP Notice:  Undefined index: is_rotator in /home/k8953244/proto.toracycle.com/system/storage/modification/admin/model/catalog/product.php on line 227
2020-12-16 23:03:54 - PHP Notice:  Undefined index: is_rotator in /home/k8953244/proto.toracycle.com/system/storage/modification/admin/model/catalog/product.php on line 227
2020-12-16 23:07:14 - PHP Notice:  Undefined index: is_rotator in /home/k8953244/proto.toracycle.com/system/storage/modification/admin/model/catalog/product.php on line 227
2020-12-16 23:07:14 - PHP Notice:  Undefined index: is_rotator in /home/k8953244/proto.toracycle.com/system/storage/modification/admin/model/catalog/product.php on line 227
2020-12-16 23:14:10 - PHP Notice:  Undefined index: is_rotator in /home/k8953244/proto.toracycle.com/system/storage/modification/admin/controller/catalog/product.php on line 1111
2020-12-16 23:14:10 - PHP Notice:  Undefined index: is_rotator in /home/k8953244/proto.toracycle.com/system/storage/modification/admin/controller/catalog/product.php on line 1111
2020-12-16 23:14:22 - PHP Notice:  Undefined index: is_rotator in /home/k8953244/proto.toracycle.com/system/storage/modification/admin/model/catalog/product.php on line 77
2020-12-16 23:14:22 - PHP Notice:  Undefined index: is_rotator in /home/k8953244/proto.toracycle.com/system/storage/modification/admin/model/catalog/product.php on line 77
2020-12-16 23:20:42 - PHP Notice:  Undefined index: is_rotator in /home/k8953244/proto.toracycle.com/system/storage/modification/admin/model/catalog/product.php on line 227
2020-12-16 23:23:36 - PHP Notice:  Undefined index: is_rotator in /home/k8953244/proto.toracycle.com/system/storage/modification/admin/model/catalog/product.php on line 227
2020-12-16 23:23:36 - PHP Notice:  Undefined index: is_rotator in /home/k8953244/proto.toracycle.com/system/storage/modification/admin/model/catalog/product.php on line 227
2020-12-17 1:53:35 - PHP Notice:  Undefined index: is_rotator in /home/k8953244/proto.toracycle.com/system/storage/modification/admin/model/catalog/product.php on line 227
2020-12-17 1:53:35 - PHP Notice:  Undefined index: is_rotator in /home/k8953244/proto.toracycle.com/system/storage/modification/admin/model/catalog/product.php on line 227
2020-12-17 1:54:25 - PHP Notice:  Undefined index: is_rotator in /home/k8953244/proto.toracycle.com/system/storage/modification/admin/model/catalog/product.php on line 227
2020-12-17 1:54:25 - PHP Notice:  Undefined index: is_rotator in /home/k8953244/proto.toracycle.com/system/storage/modification/admin/model/catalog/product.php on line 227
2020-12-17 1:54:50 - PHP Notice:  Undefined index: is_rotator in /home/k8953244/proto.toracycle.com/system/storage/modification/admin/model/catalog/product.php on line 227
2020-12-17 1:54:50 - PHP Notice:  Undefined index: is_rotator in /home/k8953244/proto.toracycle.com/system/storage/modification/admin/model/catalog/product.php on line 227
2020-12-17 1:55:47 - PHP Notice:  Undefined index: is_rotator in /home/k8953244/proto.toracycle.com/system/storage/modification/admin/model/catalog/product.php on line 227
2020-12-17 1:55:47 - PHP Notice:  Undefined index: is_rotator in /home/k8953244/proto.toracycle.com/system/storage/modification/admin/model/catalog/product.php on line 227
2020-12-17 1:55:47 - PHP Notice:  Undefined index: is_rotator in /home/k8953244/proto.toracycle.com/system/storage/modification/admin/model/catalog/product.php on line 227
2020-12-17 1:55:47 - PHP Notice:  Undefined index: is_rotator in /home/k8953244/proto.toracycle.com/system/storage/modification/admin/model/catalog/product.php on line 227
2020-12-17 1:55:47 - PHP Notice:  Undefined index: is_rotator in /home/k8953244/proto.toracycle.com/system/storage/modification/admin/model/catalog/product.php on line 227
2020-12-17 1:55:47 - PHP Notice:  Undefined index: is_rotator in /home/k8953244/proto.toracycle.com/system/storage/modification/admin/model/catalog/product.php on line 227
2020-12-17 1:55:47 - PHP Notice:  Undefined index: is_rotator in /home/k8953244/proto.toracycle.com/system/storage/modification/admin/model/catalog/product.php on line 227
2020-12-17 1:55:47 - PHP Notice:  Undefined index: is_rotator in /home/k8953244/proto.toracycle.com/system/storage/modification/admin/model/catalog/product.php on line 227
2020-12-17 1:56:08 - PHP Notice:  Undefined index: is_rotator in /home/k8953244/proto.toracycle.com/system/storage/modification/admin/model/catalog/product.php on line 227
2020-12-17 1:56:08 - PHP Notice:  Undefined index: is_rotator in /home/k8953244/proto.toracycle.com/system/storage/modification/admin/model/catalog/product.php on line 227
2020-12-17 1:56:30 - PHP Notice:  Undefined index: is_rotator in /home/k8953244/proto.toracycle.com/system/storage/modification/admin/model/catalog/product.php on line 227
2020-12-17 9:51:18 - PHP Notice:  Undefined index: is_rotator in /home/k8953244/proto.toracycle.com/system/storage/modification/admin/model/catalog/product.php on line 227
2020-12-18 13:01:50 - PHP Warning:  unlink(/home/k8953244/proto.toracycle.com/system/storage/cache/cache.catalog.language.1608300110): No such file or directory in /home/k8953244/proto.toracycle.com/system/library/cache/file.php on line 68
2020-12-19 4:09:09 - PHP Warning:  unlink(/home/k8953244/proto.toracycle.com/system/storage/cache/cache.cmsblock.1.1608350246): No such file or directory in /home/k8953244/proto.toracycle.com/system/library/cache/file.php on line 17
2020-12-19 9:07:18 - PHP Notice:  Undefined index: is_rotator in /home/k8953244/proto.toracycle.com/system/storage/modification/admin/model/catalog/product.php on line 227
2020-12-19 9:07:18 - PHP Notice:  Undefined index: is_rotator in /home/k8953244/proto.toracycle.com/system/storage/modification/admin/model/catalog/product.php on line 227
2020-12-19 9:07:30 - PHP Notice:  Undefined index: is_rotator in /home/k8953244/proto.toracycle.com/system/storage/modification/admin/model/catalog/product.php on line 227
2020-12-19 9:07:30 - PHP Notice:  Undefined index: is_rotator in /home/k8953244/proto.toracycle.com/system/storage/modification/admin/model/catalog/product.php on line 227
2020-12-19 9:08:00 - PHP Notice:  Undefined index: is_rotator in /home/k8953244/proto.toracycle.com/system/storage/modification/admin/model/catalog/product.php on line 227
2020-12-19 9:08:00 - PHP Notice:  Undefined index: is_rotator in /home/k8953244/proto.toracycle.com/system/storage/modification/admin/model/catalog/product.php on line 227
2020-12-19 9:08:19 - PHP Notice:  Undefined index: is_rotator in /home/k8953244/proto.toracycle.com/system/storage/modification/admin/model/catalog/product.php on line 227
2020-12-19 9:08:23 - PHP Notice:  Undefined index: is_rotator in /home/k8953244/proto.toracycle.com/system/storage/modification/admin/model/catalog/product.php on line 227
2020-12-19 9:08:23 - PHP Notice:  Undefined index: is_rotator in /home/k8953244/proto.toracycle.com/system/storage/modification/admin/model/catalog/product.php on line 227
2020-12-19 9:08:25 - PHP Notice:  Undefined index: is_rotator in /home/k8953244/proto.toracycle.com/system/storage/modification/admin/model/catalog/product.php on line 227
2020-12-19 9:08:25 - PHP Notice:  Undefined index: is_rotator in /home/k8953244/proto.toracycle.com/system/storage/modification/admin/model/catalog/product.php on line 227
2020-12-19 9:08:25 - PHP Notice:  Undefined index: is_rotator in /home/k8953244/proto.toracycle.com/system/storage/modification/admin/model/catalog/product.php on line 227
2020-12-19 9:08:25 - PHP Notice:  Undefined index: is_rotator in /home/k8953244/proto.toracycle.com/system/storage/modification/admin/model/catalog/product.php on line 227
2020-12-19 9:08:25 - PHP Notice:  Undefined index: is_rotator in /home/k8953244/proto.toracycle.com/system/storage/modification/admin/model/catalog/product.php on line 227
2020-12-19 9:08:25 - PHP Notice:  Undefined index: is_rotator in /home/k8953244/proto.toracycle.com/system/storage/modification/admin/model/catalog/product.php on line 227
2020-12-19 9:08:25 - PHP Notice:  Undefined index: is_rotator in /home/k8953244/proto.toracycle.com/system/storage/modification/admin/model/catalog/product.php on line 227
2020-12-19 9:08:25 - PHP Notice:  Undefined index: is_rotator in /home/k8953244/proto.toracycle.com/system/storage/modification/admin/model/catalog/product.php on line 227
2020-12-20 4:00:20 - PHP Notice:  Undefined index: is_rotator in /home/k8953244/proto.toracycle.com/system/storage/modification/admin/model/catalog/product.php on line 227
2020-12-20 4:00:20 - PHP Notice:  Undefined index: is_rotator in /home/k8953244/proto.toracycle.com/system/storage/modification/admin/model/catalog/product.php on line 227
2020-12-20 5:06:17 - PHP Notice:  Undefined index: is_rotator in /home/k8953244/proto.toracycle.com/system/storage/modification/admin/model/catalog/product.php on line 227
2020-12-20 5:06:17 - PHP Notice:  Undefined index: is_rotator in /home/k8953244/proto.toracycle.com/system/storage/modification/admin/model/catalog/product.php on line 227
2020-12-20 5:06:45 - PHP Notice:  Undefined index: is_rotator in /home/k8953244/proto.toracycle.com/system/storage/modification/admin/model/catalog/product.php on line 227
2020-12-20 5:06:45 - PHP Notice:  Undefined index: is_rotator in /home/k8953244/proto.toracycle.com/system/storage/modification/admin/model/catalog/product.php on line 227
2020-12-20 5:07:06 - PHP Notice:  Undefined index: is_rotator in /home/k8953244/proto.toracycle.com/system/storage/modification/admin/model/catalog/product.php on line 227
2020-12-20 5:07:06 - PHP Notice:  Undefined index: is_rotator in /home/k8953244/proto.toracycle.com/system/storage/modification/admin/model/catalog/product.php on line 227
2020-12-21 5:22:20 - PHP Warning:  unlink(/home/k8953244/public_html/system/storage/cache/cache.catalog.language.1608531735): No such file or directory in /home/k8953244/public_html/system/library/cache/file.php on line 68
2020-12-21 11:44:43 - PHP Warning:  unlink(/home/k8953244/public_html/system/storage/cache/cache.catalog.language.1608554682): No such file or directory in /home/k8953244/public_html/system/library/cache/file.php on line 68
2020-12-21 12:33:37 - PHP Warning:  unlink(/home/k8953244/public_html/system/storage/cache/cache.catalog.language.1608555839): No such file or directory in /home/k8953244/public_html/system/library/cache/file.php on line 68
2020-12-21 12:33:43 - PHP Warning:  unlink(/home/k8953244/public_html/system/storage/cache/cache.catalog.language.1608557623): No such file or directory in /home/k8953244/public_html/system/library/cache/file.php on line 68
2020-12-22 8:52:28 - PHP Warning:  unlink(/home/k8953244/public_html/system/storage/cache/cache.catalog.language.1608612840): No such file or directory in /home/k8953244/public_html/system/library/cache/file.php on line 17
2020-12-27 8:54:46 - PHP Notice:  Undefined index: is_rotator in /home/k8953244/public_html/system/storage/modification/admin/model/catalog/product.php on line 227
2020-12-30 8:20:21 - PHP Notice:  Undefined index: is_rotator in /home/k8953244/public_html/system/storage/modification/admin/model/catalog/product.php on line 227
2020-12-30 8:20:21 - PHP Notice:  Undefined index: is_rotator in /home/k8953244/public_html/system/storage/modification/admin/model/catalog/product.php on line 227
2020-12-30 8:20:27 - PHP Notice:  Undefined index: is_rotator in /home/k8953244/public_html/system/storage/modification/admin/model/catalog/product.php on line 227
2020-12-30 8:20:32 - PHP Notice:  Undefined index: is_rotator in /home/k8953244/public_html/system/storage/modification/admin/model/catalog/product.php on line 227
2020-12-30 8:20:32 - PHP Notice:  Undefined index: is_rotator in /home/k8953244/public_html/system/storage/modification/admin/model/catalog/product.php on line 227
2020-12-30 8:20:39 - PHP Notice:  Undefined index: is_rotator in /home/k8953244/public_html/system/storage/modification/admin/model/catalog/product.php on line 227
2020-12-30 8:20:39 - PHP Notice:  Undefined index: is_rotator in /home/k8953244/public_html/system/storage/modification/admin/model/catalog/product.php on line 227
2020-12-30 8:20:39 - PHP Notice:  Undefined index: is_rotator in /home/k8953244/public_html/system/storage/modification/admin/model/catalog/product.php on line 227
2020-12-30 8:20:39 - PHP Notice:  Undefined index: is_rotator in /home/k8953244/public_html/system/storage/modification/admin/model/catalog/product.php on line 227
2020-12-30 8:20:39 - PHP Notice:  Undefined index: is_rotator in /home/k8953244/public_html/system/storage/modification/admin/model/catalog/product.php on line 227
2020-12-30 8:20:39 - PHP Notice:  Undefined index: is_rotator in /home/k8953244/public_html/system/storage/modification/admin/model/catalog/product.php on line 227
2020-12-30 8:20:39 - PHP Notice:  Undefined index: is_rotator in /home/k8953244/public_html/system/storage/modification/admin/model/catalog/product.php on line 227
2020-12-30 8:20:39 - PHP Notice:  Undefined index: is_rotator in /home/k8953244/public_html/system/storage/modification/admin/model/catalog/product.php on line 227
2020-12-30 8:21:04 - PHP Notice:  Undefined index: is_rotator in /home/k8953244/public_html/system/storage/modification/admin/model/catalog/product.php on line 227
2020-12-30 8:21:04 - PHP Notice:  Undefined index: is_rotator in /home/k8953244/public_html/system/storage/modification/admin/model/catalog/product.php on line 227
2020-12-30 8:21:36 - PHP Notice:  Undefined index: is_rotator in /home/k8953244/public_html/system/storage/modification/admin/model/catalog/product.php on line 227
2020-12-30 8:21:36 - PHP Notice:  Undefined index: is_rotator in /home/k8953244/public_html/system/storage/modification/admin/model/catalog/product.php on line 227
2020-12-30 8:30:30 - PHP Warning:  fopen(/home/k8953244/public_html/system/storage/cache/cache.store.1609320630): failed to open stream: No such file or directory in /home/k8953244/public_html/system/library/cache/file.php on line 28
2020-12-30 8:30:30 - PHP Warning:  flock() expects parameter 1 to be resource, bool given in /home/k8953244/public_html/system/library/cache/file.php on line 30
2020-12-30 8:30:30 - PHP Warning:  filesize(): stat failed for /home/k8953244/public_html/system/storage/cache/cache.store.1609320630 in /home/k8953244/public_html/system/library/cache/file.php on line 32
2020-12-30 8:30:30 - PHP Warning:  fread() expects parameter 1 to be resource, bool given in /home/k8953244/public_html/system/library/cache/file.php on line 32
2020-12-30 8:30:30 - PHP Warning:  flock() expects parameter 1 to be resource, bool given in /home/k8953244/public_html/system/library/cache/file.php on line 34
2020-12-30 8:30:30 - PHP Warning:  fclose() expects parameter 1 to be resource, bool given in /home/k8953244/public_html/system/library/cache/file.php on line 36
2020-12-31 10:43:02 - PHP Warning:  unlink(/home/k8953244/public_html/system/storage/cache/cache.catalog.language.1609414981): No such file or directory in /home/k8953244/public_html/system/library/cache/file.php on line 68
2021-01-05 0:41:11 - PHP Warning:  fopen(/home/k8953244/public_html/system/storage/cache/cache.store.1609809984): failed to open stream: No such file or directory in /home/k8953244/public_html/system/library/cache/file.php on line 28
2021-01-05 0:41:11 - PHP Warning:  flock() expects parameter 1 to be resource, bool given in /home/k8953244/public_html/system/library/cache/file.php on line 30
2021-01-05 0:41:11 - PHP Warning:  filesize(): stat failed for /home/k8953244/public_html/system/storage/cache/cache.store.1609809984 in /home/k8953244/public_html/system/library/cache/file.php on line 32
2021-01-05 0:41:11 - PHP Warning:  fread() expects parameter 1 to be resource, bool given in /home/k8953244/public_html/system/library/cache/file.php on line 32
2021-01-05 0:41:11 - PHP Warning:  flock() expects parameter 1 to be resource, bool given in /home/k8953244/public_html/system/library/cache/file.php on line 34
2021-01-05 0:41:11 - PHP Warning:  fclose() expects parameter 1 to be resource, bool given in /home/k8953244/public_html/system/library/cache/file.php on line 36
2021-01-05 2:19:15 - PHP Warning:  fopen(/home/k8953244/public_html/system/storage/cache/cache.store.1609816754): failed to open stream: No such file or directory in /home/k8953244/public_html/system/library/cache/file.php on line 28
2021-01-05 2:19:15 - PHP Warning:  flock() expects parameter 1 to be resource, bool given in /home/k8953244/public_html/system/library/cache/file.php on line 30
2021-01-05 2:19:15 - PHP Warning:  filesize(): stat failed for /home/k8953244/public_html/system/storage/cache/cache.store.1609816754 in /home/k8953244/public_html/system/library/cache/file.php on line 32
2021-01-05 2:19:15 - PHP Warning:  fread() expects parameter 1 to be resource, bool given in /home/k8953244/public_html/system/library/cache/file.php on line 32
2021-01-05 2:19:15 - PHP Warning:  flock() expects parameter 1 to be resource, bool given in /home/k8953244/public_html/system/library/cache/file.php on line 34
2021-01-05 2:19:15 - PHP Warning:  fclose() expects parameter 1 to be resource, bool given in /home/k8953244/public_html/system/library/cache/file.php on line 36
2021-01-05 2:56:18 - PHP Warning:  fopen(/home/k8953244/public_html/system/storage/cache/cache.store.1609818978): failed to open stream: No such file or directory in /home/k8953244/public_html/system/library/cache/file.php on line 28
2021-01-05 2:56:18 - PHP Warning:  flock() expects parameter 1 to be resource, bool given in /home/k8953244/public_html/system/library/cache/file.php on line 30
2021-01-05 2:56:18 - PHP Warning:  fread() expects parameter 1 to be resource, bool given in /home/k8953244/public_html/system/library/cache/file.php on line 32
2021-01-05 2:56:18 - PHP Warning:  flock() expects parameter 1 to be resource, bool given in /home/k8953244/public_html/system/library/cache/file.php on line 34
2021-01-05 2:56:18 - PHP Warning:  fclose() expects parameter 1 to be resource, bool given in /home/k8953244/public_html/system/library/cache/file.php on line 36
2021-01-05 3:12:33 - PHP Warning:  fopen(/home/k8953244/public_html/system/storage/cache/cache.store.1609819953): failed to open stream: No such file or directory in /home/k8953244/public_html/system/library/cache/file.php on line 28
2021-01-05 3:12:33 - PHP Warning:  flock() expects parameter 1 to be resource, bool given in /home/k8953244/public_html/system/library/cache/file.php on line 30
2021-01-05 3:12:33 - PHP Warning:  fread() expects parameter 1 to be resource, bool given in /home/k8953244/public_html/system/library/cache/file.php on line 32
2021-01-05 3:12:33 - PHP Warning:  flock() expects parameter 1 to be resource, bool given in /home/k8953244/public_html/system/library/cache/file.php on line 34
2021-01-05 3:12:33 - PHP Warning:  fclose() expects parameter 1 to be resource, bool given in /home/k8953244/public_html/system/library/cache/file.php on line 36
2021-01-09 4:30:05 - PHP Notice:  Undefined index: is_rotator in /home/k8953244/public_html/system/storage/modification/admin/model/catalog/product.php on line 227
2021-01-09 4:30:05 - PHP Notice:  Undefined index: is_rotator in /home/k8953244/public_html/system/storage/modification/admin/model/catalog/product.php on line 227
2021-01-09 4:31:39 - PHP Notice:  Undefined index: is_rotator in /home/k8953244/public_html/system/storage/modification/admin/model/catalog/product.php on line 227
2021-01-09 4:31:39 - PHP Notice:  Undefined index: is_rotator in /home/k8953244/public_html/system/storage/modification/admin/model/catalog/product.php on line 227
2021-01-09 4:32:22 - PHP Notice:  Undefined index: is_rotator in /home/k8953244/public_html/system/storage/modification/admin/model/catalog/product.php on line 227
2021-01-09 4:32:22 - PHP Notice:  Undefined index: is_rotator in /home/k8953244/public_html/system/storage/modification/admin/model/catalog/product.php on line 227
2021-01-09 7:50:30 - PHP Notice:  Undefined index: is_rotator in /home/k8953244/public_html/system/storage/modification/admin/model/catalog/product.php on line 227
2021-01-09 7:50:30 - PHP Notice:  Undefined index: is_rotator in /home/k8953244/public_html/system/storage/modification/admin/model/catalog/product.php on line 227
2021-01-09 7:52:01 - PHP Notice:  Undefined index: is_rotator in /home/k8953244/public_html/system/storage/modification/admin/model/catalog/product.php on line 227
2021-01-09 7:52:24 - PHP Notice:  Undefined index: is_rotator in /home/k8953244/public_html/system/storage/modification/admin/model/catalog/product.php on line 227
2021-01-09 7:52:24 - PHP Notice:  Undefined index: is_rotator in /home/k8953244/public_html/system/storage/modification/admin/model/catalog/product.php on line 227
2021-01-09 7:54:21 - PHP Notice:  Undefined index: is_rotator in /home/k8953244/public_html/system/storage/modification/admin/model/catalog/product.php on line 227
2021-01-09 7:54:21 - PHP Notice:  Undefined index: is_rotator in /home/k8953244/public_html/system/storage/modification/admin/model/catalog/product.php on line 227
2021-01-09 7:54:21 - PHP Notice:  Undefined index: is_rotator in /home/k8953244/public_html/system/storage/modification/admin/model/catalog/product.php on line 227
2021-01-09 7:54:21 - PHP Notice:  Undefined index: is_rotator in /home/k8953244/public_html/system/storage/modification/admin/model/catalog/product.php on line 227
2021-01-09 7:54:21 - PHP Notice:  Undefined index: is_rotator in /home/k8953244/public_html/system/storage/modification/admin/model/catalog/product.php on line 227
2021-01-09 7:54:21 - PHP Notice:  Undefined index: is_rotator in /home/k8953244/public_html/system/storage/modification/admin/model/catalog/product.php on line 227
2021-01-09 7:54:21 - PHP Notice:  Undefined index: is_rotator in /home/k8953244/public_html/system/storage/modification/admin/model/catalog/product.php on line 227
2021-01-09 7:54:21 - PHP Notice:  Undefined index: is_rotator in /home/k8953244/public_html/system/storage/modification/admin/model/catalog/product.php on line 227
2021-01-10 8:18:51 - PHP Warning:  Error while sending QUERY packet. PID=3813589 in /home/k8953244/public_html/system/library/db/mysqli.php on line 18
2021-01-11 6:08:35 - PHP Notice:  Undefined index: token in /home/k8953244/public_html/admin/controller/extension/shipping/hitdhlexpress.php on line 234
2021-01-11 6:08:35 - PHP Notice:  Undefined index: token in /home/k8953244/public_html/admin/controller/extension/shipping/hitdhlexpress.php on line 239
2021-01-11 6:08:35 - PHP Notice:  Undefined index: token in /home/k8953244/public_html/admin/controller/extension/shipping/hitdhlexpress.php on line 244
2021-01-11 6:08:35 - PHP Notice:  Undefined index: token in /home/k8953244/public_html/admin/controller/extension/shipping/hitdhlexpress.php on line 247
2021-01-11 6:08:35 - PHP Notice:  Undefined index: token in /home/k8953244/public_html/admin/controller/extension/shipping/hitdhlexpress.php on line 249
2021-01-13 6:42:08 - PHP Notice:  Undefined index: email in /home/k8953244/public_html/admin/controller/extension/module/elfsight_whatsapp_chat.php on line 42
2021-01-13 6:42:08 - PHP Notice:  Undefined index: reason_id in /home/k8953244/public_html/admin/controller/extension/module/elfsight_whatsapp_chat.php on line 43
2021-01-13 6:42:08 - PHP Notice:  Undefined index: reason_id in /home/k8953244/public_html/admin/controller/extension/module/elfsight_whatsapp_chat.php on line 43
2021-01-13 6:42:09 - PHP Notice:  Undefined index: email in /home/k8953244/public_html/admin/controller/extension/module/whatsapp-chat-assets/reasons.php on line 2
2021-01-13 6:42:09 - PHP Notice:  Undefined index: reason_id in /home/k8953244/public_html/admin/controller/extension/module/elfsight_whatsapp_chat.php on line 65
2021-01-13 6:42:09 - PHP Notice:  Undefined index: reason_id in /home/k8953244/public_html/admin/controller/extension/module/elfsight_whatsapp_chat.php on line 65
2021-01-13 6:42:09 - PHP Notice:  Undefined index: email in /home/k8953244/public_html/admin/controller/extension/module/elfsight_whatsapp_chat.php on line 90
2021-01-13 6:42:09 - PHP Notice:  Undefined index: reason_id in /home/k8953244/public_html/admin/controller/extension/module/elfsight_whatsapp_chat.php on line 94
2021-01-13 6:42:09 - PHP Notice:  Undefined index:  in /home/k8953244/public_html/admin/controller/extension/module/elfsight_whatsapp_chat.php on line 95
2021-01-13 6:42:09 - PHP Notice:  Undefined index:  in /home/k8953244/public_html/admin/controller/extension/module/elfsight_whatsapp_chat.php on line 133
2021-01-13 6:42:09 - PHP Notice:  Undefined index: reason_message in /home/k8953244/public_html/admin/controller/extension/module/elfsight_whatsapp_chat.php on line 134
2021-01-13 10:14:43 - PHP Warning:  unlink(/home/k8953244/public_html/system/storage/cache/cache.catalog.language.1610533413): No such file or directory in /home/k8953244/public_html/system/library/cache/file.php on line 68
2021-01-13 10:14:50 - PHP Warning:  unlink(/home/k8953244/public_html/system/storage/cache/cache.catalog.language.1610536483): No such file or directory in /home/k8953244/public_html/system/library/cache/file.php on line 68
2021-01-14 10:33:40 - PHP Warning:  unlink(/home/k8953244/public_html/system/storage/cache/cache.catalog.language.1610616769): No such file or directory in /home/k8953244/public_html/system/library/cache/file.php on line 17
2021-01-16 19:48:26 - PHP Notice:  Undefined index: is_rotator in /home/k8953244/public_html/system/storage/modification/admin/model/catalog/product.php on line 227
2021-01-16 19:48:26 - PHP Notice:  Undefined index: is_rotator in /home/k8953244/public_html/system/storage/modification/admin/model/catalog/product.php on line 227
2021-01-16 19:48:26 - PHP Notice:  Undefined index: is_rotator in /home/k8953244/public_html/system/storage/modification/admin/model/catalog/product.php on line 227
2021-01-16 19:48:26 - PHP Notice:  Undefined index: is_rotator in /home/k8953244/public_html/system/storage/modification/admin/model/catalog/product.php on line 227
2021-01-16 19:48:26 - PHP Notice:  Undefined index: is_rotator in /home/k8953244/public_html/system/storage/modification/admin/model/catalog/product.php on line 227
2021-01-16 19:48:26 - PHP Notice:  Undefined index: is_rotator in /home/k8953244/public_html/system/storage/modification/admin/model/catalog/product.php on line 227
2021-01-16 19:48:26 - PHP Notice:  Undefined index: is_rotator in /home/k8953244/public_html/system/storage/modification/admin/model/catalog/product.php on line 227
2021-01-16 19:48:26 - PHP Notice:  Undefined index: is_rotator in /home/k8953244/public_html/system/storage/modification/admin/model/catalog/product.php on line 227
2021-01-16 20:01:59 - PHP Notice:  Undefined index: is_rotator in /home/k8953244/public_html/system/storage/modification/admin/model/catalog/product.php on line 227
2021-01-16 20:01:59 - PHP Notice:  Undefined index: is_rotator in /home/k8953244/public_html/system/storage/modification/admin/model/catalog/product.php on line 227
2021-01-16 20:01:59 - PHP Notice:  Undefined index: is_rotator in /home/k8953244/public_html/system/storage/modification/admin/model/catalog/product.php on line 227
2021-01-16 20:01:59 - PHP Notice:  Undefined index: is_rotator in /home/k8953244/public_html/system/storage/modification/admin/model/catalog/product.php on line 227
2021-01-16 20:01:59 - PHP Notice:  Undefined index: is_rotator in /home/k8953244/public_html/system/storage/modification/admin/model/catalog/product.php on line 227
2021-01-16 20:01:59 - PHP Notice:  Undefined index: is_rotator in /home/k8953244/public_html/system/storage/modification/admin/model/catalog/product.php on line 227
2021-01-16 20:01:59 - PHP Notice:  Undefined index: is_rotator in /home/k8953244/public_html/system/storage/modification/admin/model/catalog/product.php on line 227
2021-01-16 20:01:59 - PHP Notice:  Undefined index: is_rotator in /home/k8953244/public_html/system/storage/modification/admin/model/catalog/product.php on line 227
2021-01-18 16:38:33 - PHP Notice:  Undefined index: token in /home/k8953244/public_html/admin/controller/extension/shipping/hitdhlexpress.php on line 234
2021-01-18 16:38:33 - PHP Notice:  Undefined index: token in /home/k8953244/public_html/admin/controller/extension/shipping/hitdhlexpress.php on line 239
2021-01-18 16:38:33 - PHP Notice:  Undefined index: token in /home/k8953244/public_html/admin/controller/extension/shipping/hitdhlexpress.php on line 244
2021-01-18 16:38:33 - PHP Notice:  Undefined index: token in /home/k8953244/public_html/admin/controller/extension/shipping/hitdhlexpress.php on line 247
2021-01-18 16:38:33 - PHP Notice:  Undefined index: token in /home/k8953244/public_html/admin/controller/extension/shipping/hitdhlexpress.php on line 249
2021-01-18 16:38:59 - PHP Notice:  Undefined index: token in /home/k8953244/public_html/admin/controller/extension/shipping/hitdhlexpress.php on line 234
2021-01-18 16:38:59 - PHP Notice:  Undefined index: token in /home/k8953244/public_html/admin/controller/extension/shipping/hitdhlexpress.php on line 239
2021-01-18 16:38:59 - PHP Notice:  Undefined index: token in /home/k8953244/public_html/admin/controller/extension/shipping/hitdhlexpress.php on line 244
2021-01-18 16:38:59 - PHP Notice:  Undefined index: token in /home/k8953244/public_html/admin/controller/extension/shipping/hitdhlexpress.php on line 247
2021-01-18 16:38:59 - PHP Notice:  Undefined index: token in /home/k8953244/public_html/admin/controller/extension/shipping/hitdhlexpress.php on line 249
2021-01-20 9:06:05 - PHP Warning:  unlink(/home/k8953244/public_html/system/storage/cache/cache.catalog.language.1611137164): No such file or directory in /home/k8953244/public_html/system/library/cache/file.php on line 68
2021-01-20 14:17:08 - PHP Notice:  Undefined index: is_rotator in /home/k8953244/public_html/system/storage/modification/admin/model/catalog/product.php on line 227
2021-01-20 14:17:08 - PHP Notice:  Undefined index: is_rotator in /home/k8953244/public_html/system/storage/modification/admin/model/catalog/product.php on line 227
2021-01-20 14:29:25 - PHP Notice:  Undefined index: is_rotator in /home/k8953244/public_html/system/storage/modification/admin/model/catalog/product.php on line 227
2021-01-20 14:29:25 - PHP Notice:  Undefined index: is_rotator in /home/k8953244/public_html/system/storage/modification/admin/model/catalog/product.php on line 227
